<?xml version="1.0" encoding="UTF-8"?>
<!-- Generated by org.testng.reporters.JUnitXMLReporter -->
<testsuite ignored="0" hostname="DESKTOP-9S5HL9B" failures="0" tests="1" name="Swag-Labs" time="0.037" errors="0" timestamp="2023-12-11T12:20:24 EET">
  <testcase classname="testcase.TestBase" name="@BeforeTest setupDriver" time="-1.702290023959E9">
    <failure type="org.testng.TestNGException" message="
Parameter &amp;apos;browser&amp;apos; is required by BeforeTest on method setupDriver but has not been marked @Optional or defined
in C:\Users\AyaNasrClassera\AppData\Local\JetBrains\IdeaIC2022.2\temp-testng-customsuite.xml">
      <![CDATA[org.testng.TestNGException: 
Parameter 'browser' is required by BeforeTest on method setupDriver but has not been marked @Optional or defined
in C:\Users\AyaNasrClassera\AppData\Local\JetBrains\IdeaIC2022.2\temp-testng-customsuite.xml
at com.intellij.rt.testng.IDEARemoteTestNG.run(IDEARemoteTestNG.java:66)
at com.intellij.rt.testng.RemoteTestNGStarter.main(RemoteTestNGStarter.java:109)
... Removed 18 stack frames]]>
    </failure>
  </testcase> <!-- @BeforeTest setupDriver -->
  <testcase classname="testcase.TestBase" name="@AfterTest tearDown" time="0.0">
    <skipped/>
  </testcase> <!-- @AfterTest tearDown -->
  <testcase classname="testcase.TC02_CreateOrder" name="addProductsToCart" time="0.0">
    <skipped/>
  </testcase> <!-- addProductsToCart -->
</testsuite> <!-- Swag-Labs -->
